# JRE version: Java(TM) SE Runtime Environment (18.0+36) (build 18+36-2087)
# Java VM: Java HotSpot(TM) 64-Bit Server VM (18+36-2087, mixed mode, sharing, tiered, compressed oops, compressed class ptrs, g1 gc, windows-amd64)
GC Precious Log:
 CardTable entry size: 512
 Card Set container configuration: InlinePtr #cards 5 size 8 Array Of Cards #cards 12 size 40 Howl #buckets 4 coarsen threshold 1843 Howl Bitmap #cards 512 size 80 coarsen threshold 460 Card regions per heap region 1 cards per card region 2048
 CPUs: 4 total, 4 available
 Memory: 8117M
 Large Page Support: Disabled
 NUMA Support: Disabled
 Compressed Oops: Enabled (32-bit)
 Heap Region Size: 1M
 Heap Min Capacity: 8M
 Heap Initial Capacity: 128M
 Heap Max Capacity: 2030M
 Pre-touch: Disabled
 Parallel Workers: 4
 Concurrent Workers: 1
 Concurrent Refinement Workers: 4
 Periodic GC: Disabled
Heap:
 garbage-first heap   total 67584K, used 49001K [0x0000000081200000, 0x0000000100000000)
  region size 1024K, 16 young (16384K), 3 survivors (3072K)
 Metaspace       used 27933K, committed 28416K, reserved 1114112K
  class space    used 3072K, committed 3328K, reserved 1048576K
GC Heap History (20 events):
Event: 1.744 GC heap after
{Heap after GC invocations=1 (full 0):
 garbage-first heap   total 131072K, used 3720K [0x0000000081200000, 0x0000000100000000)
  region size 1024K, 2 young (2048K), 2 survivors (2048K)
 Metaspace       used 3779K, committed 3968K, reserved 1114112K
  class space    used 371K, committed 448K, reserved 1048576K
}
Event: 2.108 GC heap before
{Heap before GC invocations=1 (full 0):
 garbage-first heap   total 131072K, used 12936K [0x0000000081200000, 0x0000000100000000)
  region size 1024K, 11 young (11264K), 2 survivors (2048K)
 Metaspace       used 5367K, committed 5568K, reserved 1114112K
  class space    used 601K, committed 704K, reserved 1048576K
}
Event: 2.115 GC heap after
{Heap after GC invocations=2 (full 0):
 garbage-first heap   total 131072K, used 4469K [0x0000000081200000, 0x0000000100000000)
  region size 1024K, 1 young (1024K), 1 survivors (1024K)
 Metaspace       used 5367K, committed 5568K, reserved 1114112K
  class space    used 601K, committed 704K, reserved 1048576K
}
Event: 3.255 GC heap before
{Heap before GC invocations=2 (full 0):
 garbage-first heap   total 131072K, used 31093K [0x0000000081200000, 0x0000000100000000)
  region size 1024K, 28 young (28672K), 1 survivors (1024K)
 Metaspace       used 9522K, committed 9728K, reserved 1114112K
  class space    used 1119K, committed 1216K, reserved 1048576K
}
Event: 3.260 GC heap after
{Heap after GC invocations=3 (full 0):
 garbage-first heap   total 131072K, used 5802K [0x0000000081200000, 0x0000000100000000)
  region size 1024K, 2 young (2048K), 2 survivors (2048K)
 Metaspace       used 9522K, committed 9728K, reserved 1114112K
  class space    used 1119K, committed 1216K, reserved 1048576K
}
Event: 10.085 GC heap before
{Heap before GC invocations=3 (full 0):
 garbage-first heap   total 131072K, used 81578K [0x0000000081200000, 0x0000000100000000)
  region size 1024K, 76 young (77824K), 2 survivors (2048K)
 Metaspace       used 14041K, committed 14336K, reserved 1114112K
  class space    used 1527K, committed 1664K, reserved 1048576K
}
Event: 10.108 GC heap after
{Heap after GC invocations=4 (full 0):
 garbage-first heap   total 131072K, used 12667K [0x0000000081200000, 0x0000000100000000)
  region size 1024K, 9 young (9216K), 9 survivors (9216K)
 Metaspace       used 14041K, committed 14336K, reserved 1114112K
  class space    used 1527K, committed 1664K, reserved 1048576K
}
Event: 17.142 GC heap before
{Heap before GC invocations=4 (full 0):
 garbage-first heap   total 131072K, used 91515K [0x0000000081200000, 0x0000000100000000)
  region size 1024K, 54 young (55296K), 9 survivors (9216K)
 Metaspace       used 21212K, committed 21504K, reserved 1114112K
  class space    used 2337K, committed 2496K, reserved 1048576K
}
Event: 17.168 GC heap after
{Heap after GC invocations=5 (full 0):
 garbage-first heap   total 131072K, used 16449K [0x0000000081200000, 0x0000000100000000)
  region size 1024K, 4 young (4096K), 4 survivors (4096K)
 Metaspace       used 21212K, committed 21504K, reserved 1114112K
  class space    used 2337K, committed 2496K, reserved 1048576K
}
Event: 19.717 GC heap before
{Heap before GC invocations=6 (full 0):
 garbage-first heap   total 61440K, used 50241K [0x0000000081200000, 0x0000000100000000)
  region size 1024K, 36 young (36864K), 4 survivors (4096K)
 Metaspace       used 23511K, committed 23872K, reserved 1114112K
  class space    used 2582K, committed 2752K, reserved 1048576K
}
Event: 19.735 GC heap after
{Heap after GC invocations=7 (full 0):
 garbage-first heap   total 67584K, used 29249K [0x0000000081200000, 0x0000000100000000)
  region size 1024K, 5 young (5120K), 5 survivors (5120K)
 Metaspace       used 23511K, committed 23872K, reserved 1114112K
  class space    used 2582K, committed 2752K, reserved 1048576K
}
Event: 20.490 GC heap before
{Heap before GC invocations=7 (full 0):
 garbage-first heap   total 67584K, used 48705K [0x0000000081200000, 0x0000000100000000)
  region size 1024K, 24 young (24576K), 5 survivors (5120K)
 Metaspace       used 24299K, committed 24640K, reserved 1114112K
  class space    used 2657K, committed 2816K, reserved 1048576K
}
Event: 20.504 GC heap after
{Heap after GC invocations=8 (full 0):
 garbage-first heap   total 67584K, used 32833K [0x0000000081200000, 0x0000000100000000)
  region size 1024K, 3 young (3072K), 3 survivors (3072K)
 Metaspace       used 24299K, committed 24640K, reserved 1114112K
  class space    used 2657K, committed 2816K, reserved 1048576K
}
Event: 21.484 GC heap before
{Heap before GC invocations=8 (full 0):
 garbage-first heap   total 67584K, used 49217K [0x0000000081200000, 0x0000000100000000)
  region size 1024K, 20 young (20480K), 3 survivors (3072K)
 Metaspace       used 25316K, committed 25728K, reserved 1114112K
  class space    used 2772K, committed 2944K, reserved 1048576K
}
Event: 21.491 GC heap after
{Heap after GC invocations=9 (full 0):
 garbage-first heap   total 67584K, used 33998K [0x0000000081200000, 0x0000000100000000)
  region size 1024K, 1 young (1024K), 1 survivors (1024K)
 Metaspace       used 25316K, committed 25728K, reserved 1114112K
  class space    used 2772K, committed 2944K, reserved 1048576K
}
Event: 22.113 GC heap before
{Heap before GC invocations=10 (full 0):
 garbage-first heap   total 67584K, used 50382K [0x0000000081200000, 0x0000000100000000)
  region size 1024K, 18 young (18432K), 1 survivors (1024K)
 Metaspace       used 26325K, committed 26752K, reserved 1114112K
  class space    used 2899K, committed 3072K, reserved 1048576K
}
Event: 22.117 GC heap after
{Heap after GC invocations=11 (full 0):
 garbage-first heap   total 67584K, used 34356K [0x0000000081200000, 0x0000000100000000)
  region size 1024K, 1 young (1024K), 1 survivors (1024K)
 Metaspace       used 26325K, committed 26752K, reserved 1114112K
  class space    used 2899K, committed 3072K, reserved 1048576K
}
Event: 22.633 GC heap before
{Heap before GC invocations=11 (full 0):
 garbage-first heap   total 67584K, used 44596K [0x0000000081200000, 0x0000000100000000)
  region size 1024K, 12 young (12288K), 1 survivors (1024K)
 Metaspace       used 26866K, committed 27328K, reserved 1114112K
  class space    used 2954K, committed 3136K, reserved 1048576K
}
Event: 22.640 GC heap after
{Heap after GC invocations=12 (full 0):
 garbage-first heap   total 67584K, used 34665K [0x0000000081200000, 0x0000000100000000)
  region size 1024K, 2 young (2048K), 2 survivors (2048K)
 Metaspace       used 26866K, committed 27328K, reserved 1114112K
  class space    used 2954K, committed 3136K, reserved 1048576K
}
Event: 24.262 GC heap before
{Heap before GC invocations=13 (full 0):
 garbage-first heap   total 67584K, used 46953K [0x0000000081200000, 0x0000000100000000)
  region size 1024K, 15 young (15360K), 2 survivors (2048K)
 Metaspace       used 27933K, committed 28416K, reserved 1114112K
  class space    used 3072K, committed 3328K, reserved 1048576K
}

